[ROE] ABB | Source=34.9 | Computed=22.41 | Category=Formula Difference
[ROE] ABB | Source=34.9 | Computed=25.13 | Category=Formula Difference
[ROE] ABB | Source=34.9 | Computed=24.44 | Category=Formula Difference
[ROE] ABB | Source=34.9 | Computed=21.34 | Category=Formula Difference
[ROE] ABB | Source=34.9 | Computed=19.97 | Category=Formula Difference
[ROE] ABB | Source=34.9 | Computed=23.69 | Category=Formula Difference
[ROE] ABB | Source=34.9 | Computed=22.41 | Category=Formula Difference
[ROE] ABB | Source=34.9 | Computed=24.39 | Category=Formula Difference
[ROE] ABB | Source=34.9 | Computed=26.56 | Category=Formula Difference
[ROE] ABB | Source=34.9 | Computed=28.33 | Category=Formula Difference
[ROE] ABB | Source=34.9 | Computed=29.77 | Category=Formula Difference
[ROE] ADANIENSOL | Source=8.59 | Computed=0.0 | Category=Formula Difference
[ROE] ADANIENSOL | Source=8.59 | Computed=-0.65 | Category=Formula Difference
[ROE] ADANIENSOL | Source=8.59 | Computed=13.77 | Category=Formula Difference
[ROE] ADANIENSOL | Source=8.59 | Computed=14.12 | Category=Formula Difference
[ROE] ADANIENSOL | Source=8.59 | Computed=18.87 | Category=Formula Difference
[ROE] ADANIENSOL | Source=8.59 | Computed=14.46 | Category=Formula Difference
[ROE] ADANIENT | Source=13.64 | Computed=5.69 | Category=Formula Difference
[ROE] ADANIENT | Source=13.64 | Computed=7.47 | Category=Formula Difference
[ROE] ADANIENT | Source=13.64 | Computed=6.54 | Category=Formula Difference
[ROE] ADANIENT | Source=13.64 | Computed=3.94 | Category=Formula Difference
[ROE] ADANIENT | Source=13.64 | Computed=3.43 | Category=Formula Difference
[ROE] ADANIENT | Source=13.64 | Computed=6.14 | Category=Formula Difference
[ROE] ADANIENT | Source=13.64 | Computed=6.1 | Category=Formula Difference
[ROE] ADANIENT | Source=13.64 | Computed=3.54 | Category=Formula Difference
[ROE] ADANIENT | Source=13.64 | Computed=7.33 | Category=Formula Difference
[ROE] ADANIENT | Source=13.64 | Computed=8.53 | Category=Formula Difference
[ROE] ADANIGREEN | Source=14.7 | Computed=-3.91 | Category=Formula Difference
[ROE] ADANIGREEN | Source=14.7 | Computed=-10.29 | Category=Formula Difference
[ROE] ADANIGREEN | Source=14.7 | Computed=-24.57 | Category=Formula Difference
[ROE] ADANIGREEN | Source=14.7 | Computed=-2.89 | Category=Formula Difference
[ROE] ADANIGREEN | Source=14.7 | Computed=8.27 | Category=Formula Difference
[ROE] ADANIPORTS | Source=18.1 | Computed=25.63 | Category=Formula Difference
[ROE] ADANIPORTS | Source=18.1 | Computed=11.84 | Category=Formula Difference
[ROE] ADANIPORTS | Source=18.1 | Computed=11.88 | Category=Formula Difference
[ROE] ADANIPORTS | Source=18.1 | Computed=25.63 | Category=Formula Difference
[ROE] ADANIPORTS | Source=18.1 | Computed=11.84 | Category=Formula Difference
[ROE] ADANIPORTS | Source=18.1 | Computed=11.88 | Category=Formula Difference
[ROE] ADANIPOWER | Source=57.1 | Computed=-53.46 | Category=Formula Difference
[ROE] ADANIPOWER | Source=57.1 | Computed=-4.45 | Category=Formula Difference
[ROE] ADANIPOWER | Source=57.1 | Computed=-14.25 | Category=Formula Difference
[ROE] ADANIPOWER | Source=57.1 | Computed=7.38 | Category=Formula Difference
[ROE] ADANIPOWER | Source=57.1 | Computed=-205.8 | Category=Formula Difference
[ROE] ADANIPOWER | Source=57.1 | Computed=-236.56 | Category=Formula Difference
[ROE] ADANIPOWER | Source=57.1 | Computed=-12.76 | Category=Formula Difference
[ROE] ADANIPOWER | Source=57.1 | Computed=-35.1 | Category=Formula Difference
[ROE] ADANIPOWER | Source=57.1 | Computed=9.69 | Category=Formula Difference
[ROE] ADANIPOWER | Source=57.1 | Computed=26.61 | Category=Formula Difference
[ROE] ADANIPOWER | Source=57.1 | Computed=35.91 | Category=Formula Difference
[ROE] ADANIPOWER | Source=57.1 | Computed=48.28 | Category=Formula Difference
[ROE] AMBUJACEM | Source=9.24 | Computed=14.69 | Category=Formula Difference
[ROE] AMBUJACEM | Source=9.24 | Computed=14.77 | Category=Formula Difference
[ROE] AMBUJACEM | Source=9.24 | Computed=14.64 | Category=Formula Difference
[ROE] APOLLOHOSP | Source=13.81 | Computed=7.05 | Category=Formula Difference
[ROE] APOLLOHOSP | Source=13.81 | Computed=3.95 | Category=Formula Difference
[ROE] APOLLOHOSP | Source=13.81 | Computed=1.85 | Category=Formula Difference
[ROE] APOLLOHOSP | Source=13.81 | Computed=6.0 | Category=Formula Difference
[ROE] APOLLOHOSP | Source=13.81 | Computed=2.98 | Category=Formula Difference
[ROE] APOLLOHOSP | Source=13.81 | Computed=19.7 | Category=Formula Difference
[ROE] ASIANPAINT | Source=31.45 | Computed=24.95 | Category=Formula Difference
[ROE] ASIANPAINT | Source=31.45 | Computed=24.95 | Category=Formula Difference
[ROE] ASIANPAINT | Source=31.45 | Computed=23.31 | Category=Formula Difference
[ROE] ASIANPAINT | Source=31.45 | Computed=23.31 | Category=Formula Difference
[ROE] ASIANPAINT | Source=31.45 | Computed=25.04 | Category=Formula Difference
[ROE] ASIANPAINT | Source=31.45 | Computed=25.04 | Category=Formula Difference
[ROE] ASIANPAINT | Source=31.45 | Computed=22.34 | Category=Formula Difference
[ROE] ASIANPAINT | Source=31.45 | Computed=22.34 | Category=Formula Difference
[ROE] ASIANPAINT | Source=31.45 | Computed=26.23 | Category=Formula Difference
[ROE] ASIANPAINT | Source=31.45 | Computed=26.23 | Category=Formula Difference
[ROE] ATGL | Source=20.5 | Computed=29.64 | Category=Formula Difference
[ROE] BAJAJ-AUTO | Source=26.5 | Computed=38.85 | Category=Formula Difference
[ROE] BAJAJ-AUTO | Source=26.5 | Computed=33.24 | Category=Formula Difference
[ROE] BAJAJ-AUTO | Source=26.5 | Computed=20.66 | Category=Formula Difference
[ROE] BAJAJ-AUTO | Source=26.5 | Computed=21.21 | Category=Formula Difference
[ROE] BAJAJ-AUTO | Source=26.5 | Computed=17.81 | Category=Formula Difference
[ROE] BAJAJ-AUTO | Source=26.5 | Computed=20.65 | Category=Formula Difference
[ROE] BAJAJ-AUTO | Source=26.5 | Computed=20.64 | Category=Formula Difference
[ROE] AXISBANK | Source=18.4 | Computed=6.53 | Category=Formula Difference
[ROE] AXISBANK | Source=18.4 | Computed=0.43 | Category=Formula Difference
[ROE] AXISBANK | Source=18.4 | Computed=6.9 | Category=Formula Difference
[ROE] AXISBANK | Source=18.4 | Computed=1.88 | Category=Formula Difference
[ROE] AXISBANK | Source=18.4 | Computed=6.36 | Category=Formula Difference
[ROE] AXISBANK | Source=18.4 | Computed=11.01 | Category=Formula Difference
[ROE] AXISBANK | Source=18.4 | Computed=7.38 | Category=Formula Difference
[ROE] BAJAJFINSV | Source=11.72 | Computed=28.38 | Category=Formula Difference
[ROE] BAJAJFINSV | Source=11.72 | Computed=23.53 | Category=Formula Difference
[ROE] BAJAJFINSV | Source=11.72 | Computed=21.72 | Category=Formula Difference
[ROE] BAJAJFINSV | Source=11.72 | Computed=20.41 | Category=Formula Difference
[ROE] BAJAJFINSV | Source=11.72 | Computed=21.36 | Category=Formula Difference
[ROE] BAJAJFINSV | Source=11.72 | Computed=20.39 | Category=Formula Difference
[ROE] BAJAJFINSV | Source=11.72 | Computed=22.64 | Category=Formula Difference
[ROE] BAJAJFINSV | Source=11.72 | Computed=19.15 | Category=Formula Difference
[ROE] BAJAJFINSV | Source=11.72 | Computed=20.56 | Category=Formula Difference
[ROE] BAJAJFINSV | Source=11.72 | Computed=20.66 | Category=Formula Difference
[ROE] BAJAJFINSV | Source=11.72 | Computed=26.31 | Category=Formula Difference
[ROE] BAJAJFINSV | Source=11.72 | Computed=25.85 | Category=Formula Difference
[ROE] BAJAJHLDNG | Source=14.8 | Computed=9.63 | Category=Formula Difference
[ROE] BAJFINANCE | Source=22.1 | Computed=15.75 | Category=Formula Difference
[ROE] BAJFINANCE | Source=22.1 | Computed=16.28 | Category=Formula Difference
[ROE] BAJFINANCE | Source=22.1 | Computed=11.97 | Category=Formula Difference
[ROE] BAJFINANCE | Source=22.1 | Computed=16.08 | Category=Formula Difference
[ROE] BANKBARODA | Source=16.7 | Computed=9.4 | Category=Formula Difference
[ROE] BANKBARODA | Source=16.7 | Computed=-11.84 | Category=Formula Difference
[ROE] BANKBARODA | Source=16.7 | Computed=4.31 | Category=Formula Difference
[ROE] BANKBARODA | Source=16.7 | Computed=-3.94 | Category=Formula Difference
[ROE] BANKBARODA | Source=16.7 | Computed=2.12 | Category=Formula Difference
[ROE] BANKBARODA | Source=16.7 | Computed=1.29 | Category=Formula Difference
[ROE] BANKBARODA | Source=16.7 | Computed=1.97 | Category=Formula Difference
[ROE] BANKBARODA | Source=16.7 | Computed=8.64 | Category=Formula Difference
[ROE] BHARTIARTL | Source=14.9 | Computed=4.5 | Category=Formula Difference
[ROE] BHARTIARTL | Source=14.9 | Computed=5.05 | Category=Formula Difference
[ROE] BHARTIARTL | Source=14.9 | Computed=6.29 | Category=Formula Difference
[ROE] BHARTIARTL | Source=14.9 | Computed=3.14 | Category=Formula Difference
[ROE] BHARTIARTL | Source=14.9 | Computed=2.36 | Category=Formula Difference
[ROE] BHARTIARTL | Source=14.9 | Computed=-39.75 | Category=Formula Difference
[ROE] BHARTIARTL | Source=14.9 | Computed=-20.97 | Category=Formula Difference
[ROE] BEL | Source=26.3 | Computed=15183.33 | Category=Formula Difference
[ROE] BEL | Source=26.3 | Computed=13600.0 | Category=Formula Difference
[ROE] BEL | Source=26.3 | Computed=17100.0 | Category=Formula Difference
[ROE] BEL | Source=26.3 | Computed=11141.67 | Category=Formula Difference
[ROE] BEL | Source=26.3 | Computed=10153.33 | Category=Formula Difference
[ROE] BEL | Source=26.3 | Computed=4616.13 | Category=Formula Difference
[ROE] BEL | Source=26.3 | Computed=3851.02 | Category=Formula Difference
[ROE] BEL | Source=26.3 | Computed=3318.18 | Category=Formula Difference
[ROE] BEL | Source=26.3 | Computed=3559.32 | Category=Formula Difference
[ROE] BEL | Source=26.3 | Computed=3478.26 | Category=Formula Difference
[ROE] BEL | Source=26.3 | Computed=3981.33 | Category=Formula Difference
[ROE] BEL | Source=26.3 | Computed=4744.05 | Category=Formula Difference
[ROE] BHEL | Source=1.05 | Computed=21.91 | Category=Formula Difference
[ROE] BHEL | Source=1.05 | Computed=10.56 | Category=Formula Difference
[ROE] BHEL | Source=1.05 | Computed=-5.12 | Category=Formula Difference
[ROE] BHEL | Source=1.05 | Computed=-10.39 | Category=Formula Difference
[ROE] BOSCHLTD | Source=16.0 | Computed=7.01 | Category=Formula Difference
[ROE] BOSCHLTD | Source=16.0 | Computed=4.91 | Category=Formula Difference
[ROE] BPCL | Source=41.9 | Computed=11.54 | Category=Formula Difference
[ROE] BPCL | Source=41.9 | Computed=20.85 | Category=Formula Difference
[ROE] BPCL | Source=41.9 | Computed=22.52 | Category=Formula Difference
[ROE] BPCL | Source=41.9 | Computed=29.1 | Category=Formula Difference
[ROE] BPCL | Source=41.9 | Computed=30.85 | Category=Formula Difference
[ROE] BPCL | Source=41.9 | Computed=26.74 | Category=Formula Difference
[ROE] BPCL | Source=41.9 | Computed=22.0 | Category=Formula Difference
[ROE] BPCL | Source=41.9 | Computed=10.04 | Category=Formula Difference
[ROE] BPCL | Source=41.9 | Computed=32.34 | Category=Formula Difference
[ROE] BPCL | Source=41.9 | Computed=22.51 | Category=Formula Difference
[ROE] BPCL | Source=41.9 | Computed=3.98 | Category=Formula Difference
[ROE] BPCL | Source=41.9 | Computed=35.51 | Category=Formula Difference
[ROE] BRITANNIA | Source=57.1 | Computed=46.59 | Category=Formula Difference
[ROE] BRITANNIA | Source=57.1 | Computed=49.5 | Category=Formula Difference
[ROE] BRITANNIA | Source=57.1 | Computed=39.44 | Category=Formula Difference
[ROE] BRITANNIA | Source=57.1 | Computed=32.83 | Category=Formula Difference
[ROE] BRITANNIA | Source=57.1 | Computed=29.48 | Category=Formula Difference
[ROE] BRITANNIA | Source=57.1 | Computed=27.16 | Category=Formula Difference
[ROE] BRITANNIA | Source=57.1 | Computed=31.66 | Category=Formula Difference
[ROE] BRITANNIA | Source=57.1 | Computed=65.53 | Category=Formula Difference
[ROE] CANBK | Source=17.9 | Computed=11.9 | Category=Formula Difference
[ROE] CANBK | Source=17.9 | Computed=8.85 | Category=Formula Difference
[ROE] CANBK | Source=17.9 | Computed=9.02 | Category=Formula Difference
[ROE] CANBK | Source=17.9 | Computed=-7.82 | Category=Formula Difference
[ROE] CANBK | Source=17.9 | Computed=4.07 | Category=Formula Difference
[ROE] CANBK | Source=17.9 | Computed=-10.5 | Category=Formula Difference
[ROE] CANBK | Source=17.9 | Computed=1.85 | Category=Formula Difference
[ROE] CANBK | Source=17.9 | Computed=-4.66 | Category=Formula Difference
[ROE] CANBK | Source=17.9 | Computed=4.74 | Category=Formula Difference
[ROE] CANBK | Source=17.9 | Computed=8.8 | Category=Formula Difference
[ROE] CHOLAFIN | Source=20.2 | Computed=12.85 | Category=Formula Difference
[ROE] CIPLA | Source=16.8 | Computed=11.38 | Category=Formula Difference
[ROE] CIPLA | Source=16.8 | Computed=8.25 | Category=Formula Difference
[ROE] CIPLA | Source=16.8 | Computed=9.96 | Category=Formula Difference
[ROE] CIPLA | Source=16.8 | Computed=9.94 | Category=Formula Difference
[ROE] CIPLA | Source=16.8 | Computed=9.52 | Category=Formula Difference
[ROE] COALINDIA | Source=52.0 | Computed=35.81 | Category=Formula Difference
[ROE] COALINDIA | Source=52.0 | Computed=35.64 | Category=Formula Difference
[ROE] COALINDIA | Source=52.0 | Computed=34.02 | Category=Formula Difference
[ROE] COALINDIA | Source=52.0 | Computed=40.96 | Category=Formula Difference
[ROE] COALINDIA | Source=52.0 | Computed=37.85 | Category=Formula Difference
[ROE] COALINDIA | Source=52.0 | Computed=34.88 | Category=Formula Difference
[ROE] COALINDIA | Source=52.0 | Computed=66.01 | Category=Formula Difference
[ROE] COALINDIA | Source=52.0 | Computed=34.78 | Category=Formula Difference
[ROE] COALINDIA | Source=52.0 | Computed=40.28 | Category=Formula Difference
[ROE] COALINDIA | Source=52.0 | Computed=45.17 | Category=Formula Difference
[ROE] DABUR | Source=19.2 | Computed=36.56 | Category=Formula Difference
[ROE] DABUR | Source=19.2 | Computed=34.49 | Category=Formula Difference
[ROE] DABUR | Source=19.2 | Computed=31.84 | Category=Formula Difference
[ROE] DABUR | Source=19.2 | Computed=30.06 | Category=Formula Difference
[ROE] DABUR | Source=19.2 | Computed=26.41 | Category=Formula Difference
[ROE] DABUR | Source=19.2 | Computed=25.67 | Category=Formula Difference
[ROE] DIVISLAB | Source=12.2 | Computed=24.07 | Category=Formula Difference
[ROE] DIVISLAB | Source=12.2 | Computed=26.08 | Category=Formula Difference
[ROE] DIVISLAB | Source=12.2 | Computed=24.37 | Category=Formula Difference
[ROE] DIVISLAB | Source=12.2 | Computed=26.23 | Category=Formula Difference
[ROE] DIVISLAB | Source=12.2 | Computed=19.79 | Category=Formula Difference
[ROE] DIVISLAB | Source=12.2 | Computed=19.45 | Category=Formula Difference
[ROE] DIVISLAB | Source=12.2 | Computed=18.84 | Category=Formula Difference
[ROE] DIVISLAB | Source=12.2 | Computed=21.34 | Category=Formula Difference
[ROE] DIVISLAB | Source=12.2 | Computed=25.24 | Category=Formula Difference
[ROE] DLF | Source=6.95 | Computed=1.85 | Category=Formula Difference
[ROE] DLF | Source=6.95 | Computed=1.27 | Category=Formula Difference
[ROE] DLF | Source=6.95 | Computed=12.68 | Category=Formula Difference
[ROE] DLF | Source=6.95 | Computed=-1.71 | Category=Formula Difference
[ROE] DMART | Source=14.5 | Computed=21.04 | Category=Formula Difference
[ROE] DMART | Source=14.5 | Computed=9.02 | Category=Formula Difference
[ROE] DRREDDY | Source=21.4 | Computed=10.54 | Category=Formula Difference
[ROE] DRREDDY | Source=21.4 | Computed=7.53 | Category=Formula Difference
[ROE] DRREDDY | Source=21.4 | Computed=13.9 | Category=Formula Difference
[ROE] DRREDDY | Source=21.4 | Computed=12.99 | Category=Formula Difference
[ROE] DRREDDY | Source=21.4 | Computed=11.07 | Category=Formula Difference
[ROE] DRREDDY | Source=21.4 | Computed=11.36 | Category=Formula Difference
[ROE] EICHERMOT | Source=24.2 | Computed=36.63 | Category=Formula Difference
[ROE] EICHERMOT | Source=24.2 | Computed=31.19 | Category=Formula Difference
[ROE] EICHERMOT | Source=24.2 | Computed=18.3 | Category=Formula Difference
[ROE] EICHERMOT | Source=24.2 | Computed=11.78 | Category=Formula Difference
[ROE] EICHERMOT | Source=24.2 | Computed=13.3 | Category=Formula Difference
[ROE] GAIL | Source=14.0 | Computed=5.15 | Category=Formula Difference
[ROE] GAIL | Source=14.0 | Computed=8.58 | Category=Formula Difference
[ROE] GAIL | Source=14.0 | Computed=19.31 | Category=Formula Difference
[ROE] GAIL | Source=14.0 | Computed=19.19 | Category=Formula Difference
[ROE] GAIL | Source=14.0 | Computed=8.62 | Category=Formula Difference
[ROE] GODREJCP | Source=6.77 | Computed=25.51 | Category=Formula Difference
[ROE] GODREJCP | Source=6.77 | Computed=21.7 | Category=Formula Difference
[ROE] GODREJCP | Source=6.77 | Computed=22.64 | Category=Formula Difference
[ROE] GODREJCP | Source=6.77 | Computed=19.48 | Category=Formula Difference
[ROE] GODREJCP | Source=6.77 | Computed=24.67 | Category=Formula Difference
[ROE] GODREJCP | Source=6.77 | Computed=26.11 | Category=Formula Difference
[ROE] GODREJCP | Source=6.77 | Computed=32.23 | Category=Formula Difference
[ROE] GODREJCP | Source=6.77 | Computed=18.95 | Category=Formula Difference
[ROE] GODREJCP | Source=6.77 | Computed=18.23 | Category=Formula Difference
[ROE] GODREJCP | Source=6.77 | Computed=15.43 | Category=Formula Difference
[ROE] GODREJCP | Source=6.77 | Computed=12.34 | Category=Formula Difference
[ROE] GODREJCP | Source=6.77 | Computed=-4.45 | Category=Formula Difference
[ROE] GRASIM | Source=6.9 | Computed=19.22 | Category=Formula Difference
[ROE] GRASIM | Source=6.9 | Computed=13.67 | Category=Formula Difference
[ROE] GRASIM | Source=6.9 | Computed=12.6 | Category=Formula Difference
[ROE] GRASIM | Source=6.9 | Computed=13.53 | Category=Formula Difference
[ROE] GRASIM | Source=6.9 | Computed=14.8 | Category=Formula Difference
[ROE] GRASIM | Source=6.9 | Computed=14.07 | Category=Formula Difference
[ROE] HAL | Source=28.9 | Computed=1665.0 | Category=Formula Difference
[ROE] HAL | Source=28.9 | Computed=1966.92 | Category=Formula Difference
[ROE] HAL | Source=28.9 | Computed=1528.46 | Category=Formula Difference
[ROE] HAL | Source=28.9 | Computed=1763.91 | Category=Formula Difference
[ROE] HAL | Source=28.9 | Computed=2059.42 | Category=Formula Difference
[ROE] HAL | Source=28.9 | Computed=2249.31 | Category=Formula Difference
[ROE] HAL | Source=28.9 | Computed=3324.18 | Category=Formula Difference
[ROE] HAL | Source=28.9 | Computed=3283.05 | Category=Formula Difference
[ROE] HAL | Source=28.9 | Computed=3816.58 | Category=Formula Difference
[ROE] HAVELLS | Source=18.0 | Computed=40.29 | Category=Formula Difference
[ROE] HAVELLS | Source=18.0 | Computed=26.77 | Category=Formula Difference
[ROE] HAVELLS | Source=18.0 | Computed=42.95 | Category=Formula Difference
[ROE] HCLTECH | Source=23.3 | Computed=30.69 | Category=Formula Difference
[ROE] HCLTECH | Source=23.3 | Computed=33.39 | Category=Formula Difference
[ROE] HCLTECH | Source=23.3 | Computed=30.31 | Category=Formula Difference
[ROE] HDFCLIFE | Source=11.4 | Computed=33.43 | Category=Formula Difference
[ROE] HDFCLIFE | Source=11.4 | Computed=37.6 | Category=Formula Difference
[ROE] HDFCLIFE | Source=11.4 | Computed=30.93 | Category=Formula Difference
[ROE] HDFCLIFE | Source=11.4 | Computed=26.33 | Category=Formula Difference
[ROE] HDFCLIFE | Source=11.4 | Computed=23.18 | Category=Formula Difference
[ROE] HDFCLIFE | Source=11.4 | Computed=23.53 | Category=Formula Difference
[ROE] HDFCLIFE | Source=11.4 | Computed=22.65 | Category=Formula Difference
[ROE] HDFCLIFE | Source=11.4 | Computed=19.05 | Category=Formula Difference
[ROE] HEROMOTOCO | Source=22.0 | Computed=37.38 | Category=Formula Difference
[ROE] HEROMOTOCO | Source=22.0 | Computed=36.15 | Category=Formula Difference
[ROE] HEROMOTOCO | Source=22.0 | Computed=35.23 | Category=Formula Difference
[ROE] HEROMOTOCO | Source=22.0 | Computed=34.37 | Category=Formula Difference
[ROE] HEROMOTOCO | Source=22.0 | Computed=31.09 | Category=Formula Difference
[ROE] HEROMOTOCO | Source=22.0 | Computed=14.7 | Category=Formula Difference
[ROE] HEROMOTOCO | Source=22.0 | Computed=16.81 | Category=Formula Difference
[ROE] HINDALCO | Source=10.2 | Computed=0.68 | Category=Formula Difference
[ROE] HINDALCO | Source=10.2 | Computed=-1.73 | Category=Formula Difference
[ROE] HINDALCO | Source=10.2 | Computed=4.09 | Category=Formula Difference
[ROE] HINDALCO | Source=10.2 | Computed=17.56 | Category=Formula Difference
[ROE] HINDUNILVR | Source=20.2 | Computed=134.0 | Category=Formula Difference
[ROE] HINDUNILVR | Source=20.2 | Computed=111.85 | Category=Formula Difference
[ROE] HINDUNILVR | Source=20.2 | Computed=108.67 | Category=Formula Difference
[ROE] HINDUNILVR | Source=20.2 | Computed=63.15 | Category=Formula Difference
[ROE] HINDUNILVR | Source=20.2 | Computed=66.58 | Category=Formula Difference
[ROE] HINDUNILVR | Source=20.2 | Computed=71.79 | Category=Formula Difference
[ROE] HINDUNILVR | Source=20.2 | Computed=77.03 | Category=Formula Difference
[ROE] HINDUNILVR | Source=20.2 | Computed=82.1 | Category=Formula Difference
[ROE] ICICIBANK | Source=18.8 | Computed=11.61 | Category=Formula Difference
[ROE] ICICIBANK | Source=18.8 | Computed=10.84 | Category=Formula Difference
[ROE] ICICIBANK | Source=18.8 | Computed=8.23 | Category=Formula Difference
[ROE] ICICIBANK | Source=18.8 | Computed=4.98 | Category=Formula Difference
[ROE] ICICIBANK | Source=18.8 | Computed=9.13 | Category=Formula Difference
[ROE] ICICIBANK | Source=18.8 | Computed=12.92 | Category=Formula Difference
[ROE] ICICIPRULI | Source=8.07 | Computed=38.25 | Category=Formula Difference
[ROE] ICICIPRULI | Source=8.07 | Computed=35.61 | Category=Formula Difference
[ROE] ICICIPRULI | Source=8.07 | Computed=31.15 | Category=Formula Difference
[ROE] ICICIPRULI | Source=8.07 | Computed=31.0 | Category=Formula Difference
[ROE] ICICIPRULI | Source=8.07 | Computed=26.26 | Category=Formula Difference
[ROE] ICICIPRULI | Source=8.07 | Computed=24.63 | Category=Formula Difference
[ROE] ICICIPRULI | Source=8.07 | Computed=16.58 | Category=Formula Difference
[ROE] ICICIPRULI | Source=8.07 | Computed=14.79 | Category=Formula Difference
[ROE] INDUSINDBK | Source=15.2 | Computed=6.54 | Category=Formula Difference
[ROE] INDUSINDBK | Source=15.2 | Computed=9.67 | Category=Formula Difference
[ROE] INFY | Source=31.8 | Computed=24.82 | Category=Formula Difference
[ROE] INFY | Source=31.8 | Computed=23.93 | Category=Formula Difference
[ROE] INFY | Source=31.8 | Computed=24.39 | Category=Formula Difference
[ROE] INFY | Source=31.8 | Computed=21.85 | Category=Formula Difference
[ROE] INFY | Source=31.8 | Computed=20.81 | Category=Formula Difference
[ROE] INFY | Source=31.8 | Computed=24.69 | Category=Formula Difference
[ROE] INFY | Source=31.8 | Computed=23.73 | Category=Formula Difference
[ROE] INFY | Source=31.8 | Computed=25.42 | Category=Formula Difference
[ROE] INFY | Source=31.8 | Computed=25.44 | Category=Formula Difference
[ROE] IOC | Source=25.44 | Computed=5.75 | Category=Formula Difference
[ROE] IOC | Source=25.44 | Computed=10.26 | Category=Formula Difference
[ROE] IOC | Source=25.44 | Computed=7.08 | Category=Formula Difference
[ROE] IOC | Source=25.44 | Computed=13.8 | Category=Formula Difference
[ROE] IOC | Source=25.44 | Computed=19.97 | Category=Formula Difference
[ROE] IOC | Source=25.44 | Computed=19.87 | Category=Formula Difference
[ROE] IOC | Source=25.44 | Computed=15.36 | Category=Formula Difference
[ROE] IOC | Source=25.44 | Computed=-1.97 | Category=Formula Difference
[ROE] IOC | Source=25.44 | Computed=19.46 | Category=Formula Difference
[ROE] IOC | Source=25.44 | Computed=19.27 | Category=Formula Difference
[ROE] IOC | Source=25.44 | Computed=8.38 | Category=Formula Difference
[ROE] IRCTC | Source=40.4 | Computed=29.5 | Category=Formula Difference
[ROE] IRCTC | Source=40.4 | Computed=34.87 | Category=Formula Difference
[ROE] IRCTC | Source=40.4 | Computed=29.1 | Category=Formula Difference
[ROE] IRCTC | Source=40.4 | Computed=23.14 | Category=Formula Difference
[ROE] IRCTC | Source=40.4 | Computed=28.85 | Category=Formula Difference
[ROE] IRCTC | Source=40.4 | Computed=12.84 | Category=Formula Difference
[ROE] IRCTC | Source=40.4 | Computed=35.29 | Category=Formula Difference
[ROE] IRCTC | Source=40.4 | Computed=34.4 | Category=Formula Difference
[ROE] IRFC | Source=13.7 | Computed=8.16 | Category=Formula Difference
[ROE] IRFC | Source=13.7 | Computed=7.37 | Category=Formula Difference
[ROE] IRFC | Source=13.7 | Computed=7.78 | Category=Formula Difference
[ROE] ITC | Source=29.47 | Computed=22.26 | Category=Formula Difference
[ROE] ITC | Source=29.47 | Computed=22.57 | Category=Formula Difference
[ROE] ITC | Source=29.47 | Computed=21.89 | Category=Formula Difference
[ROE] ITC | Source=29.47 | Computed=21.7 | Category=Formula Difference
[ROE] ITC | Source=29.47 | Computed=23.89 | Category=Formula Difference
[ROE] ITC | Source=29.47 | Computed=22.18 | Category=Formula Difference
[ROE] JINDALSTEL | Source=14.1 | Computed=8.39 | Category=Formula Difference
[ROE] JINDALSTEL | Source=14.1 | Computed=-6.9 | Category=Formula Difference
[ROE] JINDALSTEL | Source=14.1 | Computed=-9.52 | Category=Formula Difference
[ROE] JINDALSTEL | Source=14.1 | Computed=-8.45 | Category=Formula Difference
[ROE] JINDALSTEL | Source=14.1 | Computed=-5.32 | Category=Formula Difference
[ROE] JINDALSTEL | Source=14.1 | Computed=-7.52 | Category=Formula Difference
[ROE] JINDALSTEL | Source=14.1 | Computed=-1.24 | Category=Formula Difference
[ROE] JSWENERGY | Source=8.4 | Computed=14.52 | Category=Formula Difference
[ROE] JSWENERGY | Source=8.4 | Computed=18.06 | Category=Formula Difference
[ROE] JSWENERGY | Source=8.4 | Computed=15.05 | Category=Formula Difference
[ROE] JSWENERGY | Source=8.4 | Computed=0.77 | Category=Formula Difference
[ROE] JSWSTEEL | Source=11.66 | Computed=5.44 | Category=Formula Difference
[ROE] JSWSTEEL | Source=11.66 | Computed=1.9 | Category=Formula Difference
[ROE] JSWSTEEL | Source=11.66 | Computed=-2.54 | Category=Formula Difference
[ROE] JSWSTEEL | Source=11.66 | Computed=21.83 | Category=Formula Difference
[ROE] JSWSTEEL | Source=11.66 | Computed=21.62 | Category=Formula Difference
[ROE] JSWSTEEL | Source=11.66 | Computed=16.84 | Category=Formula Difference
[ROE] JSWSTEEL | Source=11.66 | Computed=31.11 | Category=Formula Difference
[ROE] JSWSTEEL | Source=11.66 | Computed=6.3 | Category=Formula Difference
[ROE] LICI | Source=63.61 | Computed=324.32 | Category=Formula Difference
[ROE] LICI | Source=63.61 | Computed=270.46 | Category=Formula Difference
[ROE] LICI | Source=63.61 | Computed=43.2 | Category=Formula Difference
[ROE] LICI | Source=63.61 | Computed=36.38 | Category=Formula Difference
[ROE] LICI | Source=63.61 | Computed=77.86 | Category=Formula Difference
[ROE] LICI | Source=63.61 | Computed=49.45 | Category=Formula Difference
[ROE] LODHA | Source=10.7 | Computed=35.48 | Category=Formula Difference
[ROE] LODHA | Source=10.7 | Computed=33.84 | Category=Formula Difference
[ROE] LODHA | Source=10.7 | Computed=24.23 | Category=Formula Difference
[ROE] LODHA | Source=10.7 | Computed=17.69 | Category=Formula Difference
[ROE] LODHA | Source=10.7 | Computed=42.8 | Category=Formula Difference
[ROE] LODHA | Source=10.7 | Computed=16.3 | Category=Formula Difference
[ROE] LODHA | Source=10.7 | Computed=1.04 | Category=Formula Difference
[ROE] LODHA | Source=10.7 | Computed=3.87 | Category=Formula Difference
[ROE] LT | Source=10.49 | Computed=395.15 | Category=Formula Difference
[ROE] LT | Source=10.49 | Computed=303.42 | Category=Formula Difference
[ROE] LT | Source=10.49 | Computed=245.11 | Category=Formula Difference
[ROE] LT | Source=10.49 | Computed=216.09 | Category=Formula Difference
[ROE] LT | Source=10.49 | Computed=206.3 | Category=Formula Difference
[ROE] LT | Source=10.49 | Computed=207.36 | Category=Formula Difference
[ROE] LT | Source=10.49 | Computed=208.81 | Category=Formula Difference
[ROE] LT | Source=10.49 | Computed=201.59 | Category=Formula Difference
[ROE] LT | Source=10.49 | Computed=176.9 | Category=Formula Difference
[ROE] LT | Source=10.49 | Computed=72.92 | Category=Formula Difference
[ROE] LT | Source=10.49 | Computed=75.52 | Category=Formula Difference
[ROE] LT | Source=10.49 | Computed=77.67 | Category=Formula Difference
[ROE] LTIM | Source=26.04 | Computed=41.97 | Category=Formula Difference
[ROE] LTIM | Source=26.04 | Computed=61.86 | Category=Formula Difference
[ROE] LTIM | Source=26.04 | Computed=37.96 | Category=Formula Difference
[ROE] LTIM | Source=26.04 | Computed=39.34 | Category=Formula Difference
[ROE] M&M | Source=17.99 | Computed=-0.8 | Category=Formula Difference
[ROE] M&M | Source=17.99 | Computed=3.64 | Category=Formula Difference
[ROE] MARUTI | Source=15.75 | Computed=8.36 | Category=Formula Difference
[ROE] MARUTI | Source=15.75 | Computed=7.01 | Category=Formula Difference
[ROE] MOTHERSON | Source=11.8 | Computed=19.75 | Category=Formula Difference
[ROE] MOTHERSON | Source=11.8 | Computed=37.07 | Category=Formula Difference
[ROE] MOTHERSON | Source=11.8 | Computed=38.87 | Category=Formula Difference
[ROE] MOTHERSON | Source=11.8 | Computed=40.35 | Category=Formula Difference
[ROE] MOTHERSON | Source=11.8 | Computed=26.26 | Category=Formula Difference
[ROE] MOTHERSON | Source=11.8 | Computed=22.87 | Category=Formula Difference
[ROE] MOTHERSON | Source=11.8 | Computed=19.14 | Category=Formula Difference
[ROE] MOTHERSON | Source=11.8 | Computed=5.74 | Category=Formula Difference
[ROE] NAUKRI | Source=2.44 | Computed=12.5 | Category=Formula Difference
[ROE] NAUKRI | Source=2.44 | Computed=8.93 | Category=Formula Difference
[ROE] NAUKRI | Source=2.44 | Computed=7.65 | Category=Formula Difference
[ROE] NAUKRI | Source=2.44 | Computed=-2.7 | Category=Formula Difference
[ROE] NAUKRI | Source=2.44 | Computed=24.5 | Category=Formula Difference
[ROE] NAUKRI | Source=2.44 | Computed=23.28 | Category=Formula Difference
[ROE] NAUKRI | Source=2.44 | Computed=-11.21 | Category=Formula Difference
[ROE] NAUKRI | Source=2.44 | Computed=26.28 | Category=Formula Difference
[ROE] NAUKRI | Source=2.44 | Computed=74.71 | Category=Formula Difference
[ROE] NESTLEIND | Source=135.61 | Computed=47.17 | Category=Formula Difference
[ROE] NESTLEIND | Source=135.61 | Computed=41.77 | Category=Formula Difference
[ROE] NESTLEIND | Source=135.61 | Computed=19.99 | Category=Formula Difference
[ROE] NESTLEIND | Source=135.61 | Computed=30.5 | Category=Formula Difference
[ROE] NESTLEIND | Source=135.61 | Computed=35.82 | Category=Formula Difference
[ROE] NESTLEIND | Source=135.61 | Computed=43.75 | Category=Formula Difference
[ROE] NESTLEIND | Source=135.61 | Computed=102.61 | Category=Formula Difference
[ROE] NESTLEIND | Source=135.61 | Computed=103.12 | Category=Formula Difference
[ROE] NESTLEIND | Source=135.61 | Computed=108.84 | Category=Formula Difference
[ROE] NESTLEIND | Source=135.61 | Computed=97.23 | Category=Formula Difference
[ROE] NESTLEIND | Source=135.61 | Computed=121.96 | Category=Formula Difference
[ROE] NESTLEIND | Source=135.61 | Computed=117.75 | Category=Formula Difference
[ROE] ONGC | Source=14.32 | Computed=6.62 | Category=Formula Difference
[ROE] ONGC | Source=14.32 | Computed=5.59 | Category=Formula Difference
[ROE] PFC | Source=19.49 | Computed=6.07 | Category=Formula Difference
[ROE] PFC | Source=19.49 | Computed=26.82 | Category=Formula Difference
[ROE] PFC | Source=19.49 | Computed=25.86 | Category=Formula Difference
[ROE] PFC | Source=19.49 | Computed=26.18 | Category=Formula Difference
[ROE] PFC | Source=19.49 | Computed=25.17 | Category=Formula Difference
[ROE] PFC | Source=19.49 | Computed=26.16 | Category=Formula Difference
[ROE] PIDILITIND | Source=22.8 | Computed=30.59 | Category=Formula Difference
[ROE] PNB | Source=8.7 | Computed=812.3 | Category=Formula Difference
[ROE] PNB | Source=8.7 | Computed=812.3 | Category=Formula Difference
[ROE] PNB | Source=8.7 | Computed=812.3 | Category=Formula Difference
[ROE] PNB | Source=8.7 | Computed=812.3 | Category=Formula Difference
[ROE] PNB | Source=8.7 | Computed=812.3 | Category=Formula Difference
[ROE] PNB | Source=8.7 | Computed=393.36 | Category=Formula Difference
[ROE] PNB | Source=8.7 | Computed=393.36 | Category=Formula Difference
[ROE] PNB | Source=8.7 | Computed=393.36 | Category=Formula Difference
[ROE] PNB | Source=8.7 | Computed=393.36 | Category=Formula Difference
[ROE] PNB | Source=8.7 | Computed=393.36 | Category=Formula Difference
[ROE] PNB | Source=8.7 | Computed=223.24 | Category=Formula Difference
[ROE] PNB | Source=8.7 | Computed=223.24 | Category=Formula Difference
[ROE] PNB | Source=8.7 | Computed=223.24 | Category=Formula Difference
[ROE] PNB | Source=8.7 | Computed=223.24 | Category=Formula Difference
[ROE] PNB | Source=8.7 | Computed=223.24 | Category=Formula Difference
[ROE] PNB | Source=8.7 | Computed=-163.56 | Category=Formula Difference
[ROE] PNB | Source=8.7 | Computed=-163.56 | Category=Formula Difference
[ROE] PNB | Source=8.7 | Computed=-163.56 | Category=Formula Difference
[ROE] PNB | Source=8.7 | Computed=-163.56 | Category=Formula Difference
[ROE] PNB | Source=8.7 | Computed=-163.56 | Category=Formula Difference
[ROE] PNB | Source=8.7 | Computed=22.21 | Category=Formula Difference
[ROE] PNB | Source=8.7 | Computed=22.21 | Category=Formula Difference
[ROE] PNB | Source=8.7 | Computed=22.21 | Category=Formula Difference
[ROE] PNB | Source=8.7 | Computed=22.21 | Category=Formula Difference
[ROE] PNB | Source=8.7 | Computed=22.21 | Category=Formula Difference
[ROE] PNB | Source=8.7 | Computed=-184.37 | Category=Formula Difference
[ROE] PNB | Source=8.7 | Computed=-184.37 | Category=Formula Difference
[ROE] PNB | Source=8.7 | Computed=-184.37 | Category=Formula Difference
[ROE] PNB | Source=8.7 | Computed=-184.37 | Category=Formula Difference
[ROE] PNB | Source=8.7 | Computed=-184.37 | Category=Formula Difference
[ROE] PNB | Source=8.7 | Computed=-128.45 | Category=Formula Difference
[ROE] PNB | Source=8.7 | Computed=-128.45 | Category=Formula Difference
[ROE] PNB | Source=8.7 | Computed=-128.45 | Category=Formula Difference
[ROE] PNB | Source=8.7 | Computed=-128.45 | Category=Formula Difference
[ROE] PNB | Source=8.7 | Computed=-128.45 | Category=Formula Difference
[ROE] PNB | Source=8.7 | Computed=30.39 | Category=Formula Difference
[ROE] PNB | Source=8.7 | Computed=30.39 | Category=Formula Difference
[ROE] PNB | Source=8.7 | Computed=30.39 | Category=Formula Difference
[ROE] PNB | Source=8.7 | Computed=30.39 | Category=Formula Difference
[ROE] PNB | Source=8.7 | Computed=30.39 | Category=Formula Difference
[ROE] PNB | Source=8.7 | Computed=39.87 | Category=Formula Difference
[ROE] PNB | Source=8.7 | Computed=39.87 | Category=Formula Difference
[ROE] PNB | Source=8.7 | Computed=39.87 | Category=Formula Difference
[ROE] PNB | Source=8.7 | Computed=39.87 | Category=Formula Difference
[ROE] PNB | Source=8.7 | Computed=39.87 | Category=Formula Difference
[ROE] PNB | Source=8.7 | Computed=30.67 | Category=Formula Difference
[ROE] PNB | Source=8.7 | Computed=30.67 | Category=Formula Difference
[ROE] PNB | Source=8.7 | Computed=30.67 | Category=Formula Difference
[ROE] PNB | Source=8.7 | Computed=30.67 | Category=Formula Difference
[ROE] PNB | Source=8.7 | Computed=30.67 | Category=Formula Difference
[ROE] PNB | Source=8.7 | Computed=61.32 | Category=Formula Difference
[ROE] PNB | Source=8.7 | Computed=61.32 | Category=Formula Difference
[ROE] PNB | Source=8.7 | Computed=61.32 | Category=Formula Difference
[ROE] PNB | Source=8.7 | Computed=61.32 | Category=Formula Difference
[ROE] PNB | Source=8.7 | Computed=61.32 | Category=Formula Difference
[ROE] POWERGRID | Source=19.0 | Computed=13.11 | Category=Formula Difference
[ROE] POWERGRID | Source=19.0 | Computed=13.11 | Category=Formula Difference
[ROE] POWERGRID | Source=19.0 | Computed=13.13 | Category=Formula Difference
[ROE] POWERGRID | Source=19.0 | Computed=13.13 | Category=Formula Difference
[ROE] POWERGRID | Source=19.0 | Computed=13.55 | Category=Formula Difference
[ROE] POWERGRID | Source=19.0 | Computed=13.55 | Category=Formula Difference
[ROE] RECLTD | Source=22.2 | Computed=13.66 | Category=Formula Difference
[ROE] RECLTD | Source=22.2 | Computed=16.62 | Category=Formula Difference
[ROE] RECLTD | Source=22.2 | Computed=14.05 | Category=Formula Difference
[ROE] SBILIFE | Source=12.0 | Computed=23.03 | Category=Formula Difference
[ROE] SBILIFE | Source=12.0 | Computed=21.69 | Category=Formula Difference
[ROE] SBILIFE | Source=12.0 | Computed=20.09 | Category=Formula Difference
[ROE] SBILIFE | Source=12.0 | Computed=17.83 | Category=Formula Difference
[ROE] SBILIFE | Source=12.0 | Computed=17.2 | Category=Formula Difference
[ROE] SBILIFE | Source=12.0 | Computed=17.62 | Category=Formula Difference
[ROE] SBILIFE | Source=12.0 | Computed=17.52 | Category=Formula Difference
[ROE] SHREECEM | Source=12.2 | Computed=26.12 | Category=Formula Difference
[ROE] SHREECEM | Source=12.2 | Computed=17.39 | Category=Formula Difference
[ROE] SHRIRAMFIN | Source=15.9 | Computed=10.43 | Category=Formula Difference
[ROE] SIEMENS | Source=19.1 | Computed=13.78 | Category=Formula Difference
[ROE] SIEMENS | Source=19.1 | Computed=42.83 | Category=Formula Difference
[ROE] SIEMENS | Source=19.1 | Computed=10.86 | Category=Formula Difference
[ROE] SIEMENS | Source=19.1 | Computed=12.14 | Category=Formula Difference
[ROE] SIEMENS | Source=19.1 | Computed=8.1 | Category=Formula Difference
[ROE] SIEMENS | Source=19.1 | Computed=10.52 | Category=Formula Difference
[ROE] SIEMENS | Source=19.1 | Computed=13.29 | Category=Formula Difference
[ROE] SUNPHARMA | Source=16.7 | Computed=23.14 | Category=Formula Difference
[ROE] SUNPHARMA | Source=16.7 | Computed=6.63 | Category=Formula Difference
[ROE] SUNPHARMA | Source=16.7 | Computed=7.75 | Category=Formula Difference
[ROE] SUNPHARMA | Source=16.7 | Computed=9.22 | Category=Formula Difference
[ROE] SUNPHARMA | Source=16.7 | Computed=4.89 | Category=Formula Difference
[ROE] SUNPHARMA | Source=16.7 | Computed=7.06 | Category=Formula Difference
[ROE] TATACONSUM | Source=8.32 | Computed=-0.59 | Category=Formula Difference
[ROE] TATAMOTORS | Source=49.4 | Computed=26.51 | Category=Formula Difference
[ROE] TATAMOTORS | Source=49.4 | Computed=21.42 | Category=Formula Difference
[ROE] TATAMOTORS | Source=49.4 | Computed=25.01 | Category=Formula Difference
[ROE] TATAMOTORS | Source=49.4 | Computed=14.79 | Category=Formula Difference
[ROE] TATAMOTORS | Source=49.4 | Computed=13.02 | Category=Formula Difference
[ROE] TATAMOTORS | Source=49.4 | Computed=9.53 | Category=Formula Difference
[ROE] TATAMOTORS | Source=49.4 | Computed=-47.73 | Category=Formula Difference
[ROE] TATAMOTORS | Source=49.4 | Computed=-18.98 | Category=Formula Difference
[ROE] TATAMOTORS | Source=49.4 | Computed=-24.25 | Category=Formula Difference
[ROE] TATAMOTORS | Source=49.4 | Computed=-25.38 | Category=Formula Difference
[ROE] TATAMOTORS | Source=49.4 | Computed=5.94 | Category=Formula Difference
[ROE] TATAMOTORS | Source=49.4 | Computed=37.46 | Category=Formula Difference
[ROE] TATAPOWER | Source=11.3 | Computed=1.0 | Category=Formula Difference
[ROE] TATAPOWER | Source=11.3 | Computed=0.1 | Category=Formula Difference
[ROE] TATAPOWER | Source=11.3 | Computed=3.19 | Category=Formula Difference
[ROE] TATASTEEL | Source=6.55 | Computed=-21.28 | Category=Formula Difference
[ROE] TATASTEEL | Source=6.55 | Computed=-12.56 | Category=Formula Difference
[ROE] TATASTEEL | Source=6.55 | Computed=-1.14 | Category=Formula Difference
[ROE] TATASTEEL | Source=6.55 | Computed=-11.02 | Category=Formula Difference
[ROE] TATASTEEL | Source=6.55 | Computed=29.15 | Category=Formula Difference
[ROE] TATASTEEL | Source=6.55 | Computed=13.23 | Category=Formula Difference
[ROE] TATASTEEL | Source=6.55 | Computed=36.48 | Category=Formula Difference
[ROE] TATASTEEL | Source=6.55 | Computed=-5.33 | Category=Formula Difference
[ROE] TCS | Source=0.52 | Computed=36.52 | Category=Formula Difference
[ROE] TCS | Source=0.52 | Computed=39.3 | Category=Formula Difference
[ROE] TCS | Source=0.52 | Computed=39.62 | Category=Formula Difference
[ROE] TCS | Source=0.52 | Computed=34.24 | Category=Formula Difference
[ROE] TCS | Source=0.52 | Computed=30.57 | Category=Formula Difference
[ROE] TCS | Source=0.52 | Computed=30.4 | Category=Formula Difference
[ROE] TCS | Source=0.52 | Computed=35.29 | Category=Formula Difference
[ROE] TCS | Source=0.52 | Computed=38.57 | Category=Formula Difference
[ROE] TCS | Source=0.52 | Computed=37.67 | Category=Formula Difference
[ROE] TCS | Source=0.52 | Computed=43.13 | Category=Formula Difference
[ROE] TCS | Source=0.52 | Computed=46.78 | Category=Formula Difference
[ROE] TCS | Source=0.52 | Computed=50.94 | Category=Formula Difference
[ROE] TECHM | Source=8.63 | Computed=24.09 | Category=Formula Difference
[ROE] TECHM | Source=8.63 | Computed=24.09 | Category=Formula Difference
[ROE] TECHM | Source=8.63 | Computed=33.35 | Category=Formula Difference
[ROE] TECHM | Source=8.63 | Computed=33.35 | Category=Formula Difference
[ROE] TECHM | Source=8.63 | Computed=21.71 | Category=Formula Difference
[ROE] TECHM | Source=8.63 | Computed=21.71 | Category=Formula Difference
[ROE] TECHM | Source=8.63 | Computed=20.75 | Category=Formula Difference
[ROE] TECHM | Source=8.63 | Computed=20.75 | Category=Formula Difference
[ROE] TECHM | Source=8.63 | Computed=17.35 | Category=Formula Difference
[ROE] TECHM | Source=8.63 | Computed=17.35 | Category=Formula Difference
[ROE] TECHM | Source=8.63 | Computed=20.09 | Category=Formula Difference
[ROE] TECHM | Source=8.63 | Computed=20.09 | Category=Formula Difference
[ROE] TECHM | Source=8.63 | Computed=21.14 | Category=Formula Difference
[ROE] TECHM | Source=8.63 | Computed=21.14 | Category=Formula Difference
[ROE] TECHM | Source=8.63 | Computed=17.87 | Category=Formula Difference
[ROE] TECHM | Source=8.63 | Computed=17.87 | Category=Formula Difference
[ROE] TECHM | Source=8.63 | Computed=17.51 | Category=Formula Difference
[ROE] TECHM | Source=8.63 | Computed=17.51 | Category=Formula Difference
[ROE] TECHM | Source=8.63 | Computed=20.94 | Category=Formula Difference
[ROE] TECHM | Source=8.63 | Computed=20.94 | Category=Formula Difference
[ROE] TECHM | Source=8.63 | Computed=17.39 | Category=Formula Difference
[ROE] TECHM | Source=8.63 | Computed=17.39 | Category=Formula Difference
[ROE] TITAN | Source=32.9 | Computed=26.46 | Category=Formula Difference
[ROE] TITAN | Source=32.9 | Computed=19.25 | Category=Formula Difference
[ROE] TITAN | Source=32.9 | Computed=16.47 | Category=Formula Difference
[ROE] TITAN | Source=32.9 | Computed=21.65 | Category=Formula Difference
[ROE] TITAN | Source=32.9 | Computed=22.88 | Category=Formula Difference
[ROE] TITAN | Source=32.9 | Computed=22.39 | Category=Formula Difference
[ROE] TITAN | Source=32.9 | Computed=12.99 | Category=Formula Difference
[ROE] TITAN | Source=32.9 | Computed=23.63 | Category=Formula Difference
[ROE] TITAN | Source=32.9 | Computed=27.63 | Category=Formula Difference
[ROE] TORNTPHARM | Source=24.2 | Computed=30.59 | Category=Formula Difference
[ROE] TORNTPHARM | Source=24.2 | Computed=34.89 | Category=Formula Difference
[ROE] TORNTPHARM | Source=24.2 | Computed=30.15 | Category=Formula Difference
[ROE] TORNTPHARM | Source=24.2 | Computed=49.6 | Category=Formula Difference
[ROE] TORNTPHARM | Source=24.2 | Computed=14.67 | Category=Formula Difference
[ROE] TORNTPHARM | Source=24.2 | Computed=9.23 | Category=Formula Difference
[ROE] TORNTPHARM | Source=24.2 | Computed=13.05 | Category=Formula Difference
[ROE] TRENT | Source=27.2 | Computed=-2.19 | Category=Formula Difference
[ROE] TRENT | Source=27.2 | Computed=-1.92 | Category=Formula Difference
[ROE] TRENT | Source=27.2 | Computed=9.07 | Category=Formula Difference
[ROE] TRENT | Source=27.2 | Computed=3.76 | Category=Formula Difference
[ROE] TRENT | Source=27.2 | Computed=5.49 | Category=Formula Difference
[ROE] TRENT | Source=27.2 | Computed=5.45 | Category=Formula Difference
[ROE] TRENT | Source=27.2 | Computed=5.77 | Category=Formula Difference
[ROE] TRENT | Source=27.2 | Computed=4.44 | Category=Formula Difference
[ROE] TRENT | Source=27.2 | Computed=-7.83 | Category=Formula Difference
[ROE] TRENT | Source=27.2 | Computed=1.48 | Category=Formula Difference
[ROE] TRENT | Source=27.2 | Computed=15.18 | Category=Formula Difference
[ROE] TRENT | Source=27.2 | Computed=36.31 | Category=Formula Difference
[LEVERAGE SUPPRESSED] AXISBANK | Financial sector company
[LEVERAGE SUPPRESSED] AXISBANK | Financial sector company
[LEVERAGE SUPPRESSED] AXISBANK | Financial sector company
[LEVERAGE SUPPRESSED] AXISBANK | Financial sector company
[LEVERAGE SUPPRESSED] AXISBANK | Financial sector company
[LEVERAGE SUPPRESSED] AXISBANK | Financial sector company
[LEVERAGE SUPPRESSED] AXISBANK | Financial sector company
[LEVERAGE SUPPRESSED] AXISBANK | Financial sector company
[LEVERAGE SUPPRESSED] AXISBANK | Financial sector company
[LEVERAGE SUPPRESSED] AXISBANK | Financial sector company
[LEVERAGE SUPPRESSED] AXISBANK | Financial sector company
[LEVERAGE SUPPRESSED] AXISBANK | Financial sector company
[LEVERAGE SUPPRESSED] BAJFINANCE | Financial sector company
[LEVERAGE SUPPRESSED] BAJFINANCE | Financial sector company
[LEVERAGE SUPPRESSED] BAJFINANCE | Financial sector company
[LEVERAGE SUPPRESSED] BAJFINANCE | Financial sector company
[LEVERAGE SUPPRESSED] BAJFINANCE | Financial sector company
[LEVERAGE SUPPRESSED] BAJFINANCE | Financial sector company
[LEVERAGE SUPPRESSED] BAJFINANCE | Financial sector company
[LEVERAGE SUPPRESSED] BAJFINANCE | Financial sector company
[LEVERAGE SUPPRESSED] BAJFINANCE | Financial sector company
[LEVERAGE SUPPRESSED] BAJFINANCE | Financial sector company
[LEVERAGE SUPPRESSED] BANKBARODA | Financial sector company
[LEVERAGE SUPPRESSED] BANKBARODA | Financial sector company
[LEVERAGE SUPPRESSED] BANKBARODA | Financial sector company
[LEVERAGE SUPPRESSED] BANKBARODA | Financial sector company
[LEVERAGE SUPPRESSED] BANKBARODA | Financial sector company
[LEVERAGE SUPPRESSED] BANKBARODA | Financial sector company
[LEVERAGE SUPPRESSED] BANKBARODA | Financial sector company
[LEVERAGE SUPPRESSED] BANKBARODA | Financial sector company
[LEVERAGE SUPPRESSED] BANKBARODA | Financial sector company
[LEVERAGE SUPPRESSED] BANKBARODA | Financial sector company
[LEVERAGE SUPPRESSED] BANKBARODA | Financial sector company
[LEVERAGE SUPPRESSED] BANKBARODA | Financial sector company
[LEVERAGE SUPPRESSED] CANBK | Financial sector company
[LEVERAGE SUPPRESSED] CANBK | Financial sector company
[LEVERAGE SUPPRESSED] CANBK | Financial sector company
[LEVERAGE SUPPRESSED] CANBK | Financial sector company
[LEVERAGE SUPPRESSED] CANBK | Financial sector company
[LEVERAGE SUPPRESSED] CANBK | Financial sector company
[LEVERAGE SUPPRESSED] CANBK | Financial sector company
[LEVERAGE SUPPRESSED] CANBK | Financial sector company
[LEVERAGE SUPPRESSED] CANBK | Financial sector company
[LEVERAGE SUPPRESSED] CANBK | Financial sector company
[LEVERAGE SUPPRESSED] CANBK | Financial sector company
[LEVERAGE SUPPRESSED] CANBK | Financial sector company
[LEVERAGE SUPPRESSED] CHOLAFIN | Financial sector company
[LEVERAGE SUPPRESSED] CHOLAFIN | Financial sector company
[LEVERAGE SUPPRESSED] CHOLAFIN | Financial sector company
[LEVERAGE SUPPRESSED] CHOLAFIN | Financial sector company
[LEVERAGE SUPPRESSED] CHOLAFIN | Financial sector company
[LEVERAGE SUPPRESSED] CHOLAFIN | Financial sector company
[LEVERAGE SUPPRESSED] CHOLAFIN | Financial sector company
[LEVERAGE SUPPRESSED] CHOLAFIN | Financial sector company
[LEVERAGE SUPPRESSED] CHOLAFIN | Financial sector company
[LEVERAGE SUPPRESSED] CHOLAFIN | Financial sector company
[LEVERAGE SUPPRESSED] CHOLAFIN | Financial sector company
[LEVERAGE SUPPRESSED] CHOLAFIN | Financial sector company
[LEVERAGE SUPPRESSED] HDFCBANK | Financial sector company
[LEVERAGE SUPPRESSED] HDFCBANK | Financial sector company
[LEVERAGE SUPPRESSED] HDFCBANK | Financial sector company
[LEVERAGE SUPPRESSED] HDFCBANK | Financial sector company
[LEVERAGE SUPPRESSED] HDFCBANK | Financial sector company
[LEVERAGE SUPPRESSED] HDFCBANK | Financial sector company
[LEVERAGE SUPPRESSED] HDFCBANK | Financial sector company
[LEVERAGE SUPPRESSED] HDFCBANK | Financial sector company
[LEVERAGE SUPPRESSED] HDFCBANK | Financial sector company
[LEVERAGE SUPPRESSED] HDFCBANK | Financial sector company
[LEVERAGE SUPPRESSED] HDFCBANK | Financial sector company
[LEVERAGE SUPPRESSED] HDFCBANK | Financial sector company
[LEVERAGE SUPPRESSED] HDFCLIFE | Financial sector company
[LEVERAGE SUPPRESSED] HDFCLIFE | Financial sector company
[LEVERAGE SUPPRESSED] HDFCLIFE | Financial sector company
[LEVERAGE SUPPRESSED] HDFCLIFE | Financial sector company
[LEVERAGE SUPPRESSED] HDFCLIFE | Financial sector company
[LEVERAGE SUPPRESSED] HDFCLIFE | Financial sector company
[LEVERAGE SUPPRESSED] HDFCLIFE | Financial sector company
[LEVERAGE SUPPRESSED] HDFCLIFE | Financial sector company
[LEVERAGE SUPPRESSED] HDFCLIFE | Financial sector company
[LEVERAGE SUPPRESSED] HDFCLIFE | Financial sector company
[LEVERAGE SUPPRESSED] HDFCLIFE | Financial sector company
[LEVERAGE SUPPRESSED] HDFCLIFE | Financial sector company
[LEVERAGE SUPPRESSED] ICICIBANK | Financial sector company
[LEVERAGE SUPPRESSED] ICICIBANK | Financial sector company
[LEVERAGE SUPPRESSED] ICICIBANK | Financial sector company
[LEVERAGE SUPPRESSED] ICICIBANK | Financial sector company
[LEVERAGE SUPPRESSED] ICICIBANK | Financial sector company
[LEVERAGE SUPPRESSED] ICICIBANK | Financial sector company
[LEVERAGE SUPPRESSED] ICICIBANK | Financial sector company
[LEVERAGE SUPPRESSED] ICICIBANK | Financial sector company
[LEVERAGE SUPPRESSED] ICICIBANK | Financial sector company
[LEVERAGE SUPPRESSED] ICICIBANK | Financial sector company
[LEVERAGE SUPPRESSED] ICICIBANK | Financial sector company
[LEVERAGE SUPPRESSED] ICICIBANK | Financial sector company
[LEVERAGE SUPPRESSED] ICICIGI | Financial sector company
[LEVERAGE SUPPRESSED] ICICIGI | Financial sector company
[LEVERAGE SUPPRESSED] ICICIGI | Financial sector company
[LEVERAGE SUPPRESSED] ICICIGI | Financial sector company
[LEVERAGE SUPPRESSED] ICICIGI | Financial sector company
[LEVERAGE SUPPRESSED] ICICIGI | Financial sector company
[LEVERAGE SUPPRESSED] ICICIGI | Financial sector company
[LEVERAGE SUPPRESSED] ICICIGI | Financial sector company
[LEVERAGE SUPPRESSED] ICICIGI | Financial sector company
[LEVERAGE SUPPRESSED] ICICIGI | Financial sector company
[LEVERAGE SUPPRESSED] ICICIGI | Financial sector company
[LEVERAGE SUPPRESSED] ICICIGI | Financial sector company
[LEVERAGE SUPPRESSED] ICICIPRULI | Financial sector company
[LEVERAGE SUPPRESSED] ICICIPRULI | Financial sector company
[LEVERAGE SUPPRESSED] ICICIPRULI | Financial sector company
[LEVERAGE SUPPRESSED] ICICIPRULI | Financial sector company
[LEVERAGE SUPPRESSED] ICICIPRULI | Financial sector company
[LEVERAGE SUPPRESSED] ICICIPRULI | Financial sector company
[LEVERAGE SUPPRESSED] ICICIPRULI | Financial sector company
[LEVERAGE SUPPRESSED] ICICIPRULI | Financial sector company
[LEVERAGE SUPPRESSED] ICICIPRULI | Financial sector company
[LEVERAGE SUPPRESSED] ICICIPRULI | Financial sector company
[LEVERAGE SUPPRESSED] ICICIPRULI | Financial sector company
[LEVERAGE SUPPRESSED] ICICIPRULI | Financial sector company
[LEVERAGE SUPPRESSED] INDUSINDBK | Financial sector company
[LEVERAGE SUPPRESSED] INDUSINDBK | Financial sector company
[LEVERAGE SUPPRESSED] INDUSINDBK | Financial sector company
[LEVERAGE SUPPRESSED] INDUSINDBK | Financial sector company
[LEVERAGE SUPPRESSED] INDUSINDBK | Financial sector company
[LEVERAGE SUPPRESSED] INDUSINDBK | Financial sector company
[LEVERAGE SUPPRESSED] INDUSINDBK | Financial sector company
[LEVERAGE SUPPRESSED] INDUSINDBK | Financial sector company
[LEVERAGE SUPPRESSED] INDUSINDBK | Financial sector company
[LEVERAGE SUPPRESSED] INDUSINDBK | Financial sector company
[LEVERAGE SUPPRESSED] INDUSINDBK | Financial sector company
[LEVERAGE SUPPRESSED] INDUSINDBK | Financial sector company
[LEVERAGE SUPPRESSED] IRFC | Financial sector company
[LEVERAGE SUPPRESSED] IRFC | Financial sector company
[LEVERAGE SUPPRESSED] IRFC | Financial sector company
[LEVERAGE SUPPRESSED] IRFC | Financial sector company
[LEVERAGE SUPPRESSED] IRFC | Financial sector company
[LEVERAGE SUPPRESSED] IRFC | Financial sector company
[LEVERAGE SUPPRESSED] IRFC | Financial sector company
[LEVERAGE SUPPRESSED] IRFC | Financial sector company
[LEVERAGE SUPPRESSED] IRFC | Financial sector company
[LEVERAGE SUPPRESSED] IRFC | Financial sector company
[LEVERAGE SUPPRESSED] IRFC | Financial sector company
[LEVERAGE SUPPRESSED] IRFC | Financial sector company
[LEVERAGE SUPPRESSED] KOTAKBANK | Financial sector company
[LEVERAGE SUPPRESSED] KOTAKBANK | Financial sector company
[LEVERAGE SUPPRESSED] KOTAKBANK | Financial sector company
[LEVERAGE SUPPRESSED] KOTAKBANK | Financial sector company
[LEVERAGE SUPPRESSED] KOTAKBANK | Financial sector company
[LEVERAGE SUPPRESSED] KOTAKBANK | Financial sector company
[LEVERAGE SUPPRESSED] KOTAKBANK | Financial sector company
[LEVERAGE SUPPRESSED] KOTAKBANK | Financial sector company
[LEVERAGE SUPPRESSED] KOTAKBANK | Financial sector company
[LEVERAGE SUPPRESSED] KOTAKBANK | Financial sector company
[LEVERAGE SUPPRESSED] KOTAKBANK | Financial sector company
[LEVERAGE SUPPRESSED] KOTAKBANK | Financial sector company
[LEVERAGE SUPPRESSED] LICI | Financial sector company
[LEVERAGE SUPPRESSED] LICI | Financial sector company
[LEVERAGE SUPPRESSED] LICI | Financial sector company
[LEVERAGE SUPPRESSED] LICI | Financial sector company
[LEVERAGE SUPPRESSED] LICI | Financial sector company
[LEVERAGE SUPPRESSED] LICI | Financial sector company
[LEVERAGE SUPPRESSED] PFC | Financial sector company
[LEVERAGE SUPPRESSED] PFC | Financial sector company
[LEVERAGE SUPPRESSED] PFC | Financial sector company
[LEVERAGE SUPPRESSED] PFC | Financial sector company
[LEVERAGE SUPPRESSED] PFC | Financial sector company
[LEVERAGE SUPPRESSED] PFC | Financial sector company
[LEVERAGE SUPPRESSED] PFC | Financial sector company
[LEVERAGE SUPPRESSED] PFC | Financial sector company
[LEVERAGE SUPPRESSED] PFC | Financial sector company
[LEVERAGE SUPPRESSED] PFC | Financial sector company
[LEVERAGE SUPPRESSED] PFC | Financial sector company
[LEVERAGE SUPPRESSED] PFC | Financial sector company
[LEVERAGE SUPPRESSED] PNB | Financial sector company
[LEVERAGE SUPPRESSED] PNB | Financial sector company
[LEVERAGE SUPPRESSED] PNB | Financial sector company
[LEVERAGE SUPPRESSED] PNB | Financial sector company
[LEVERAGE SUPPRESSED] PNB | Financial sector company
[LEVERAGE SUPPRESSED] PNB | Financial sector company
[LEVERAGE SUPPRESSED] PNB | Financial sector company
[LEVERAGE SUPPRESSED] PNB | Financial sector company
[LEVERAGE SUPPRESSED] PNB | Financial sector company
[LEVERAGE SUPPRESSED] PNB | Financial sector company
[LEVERAGE SUPPRESSED] PNB | Financial sector company
[LEVERAGE SUPPRESSED] PNB | Financial sector company
[LEVERAGE SUPPRESSED] PNB | Financial sector company
[LEVERAGE SUPPRESSED] PNB | Financial sector company
[LEVERAGE SUPPRESSED] PNB | Financial sector company
[LEVERAGE SUPPRESSED] PNB | Financial sector company
[LEVERAGE SUPPRESSED] PNB | Financial sector company
[LEVERAGE SUPPRESSED] PNB | Financial sector company
[LEVERAGE SUPPRESSED] PNB | Financial sector company
[LEVERAGE SUPPRESSED] PNB | Financial sector company
[LEVERAGE SUPPRESSED] PNB | Financial sector company
[LEVERAGE SUPPRESSED] PNB | Financial sector company
[LEVERAGE SUPPRESSED] PNB | Financial sector company
[LEVERAGE SUPPRESSED] PNB | Financial sector company
[LEVERAGE SUPPRESSED] PNB | Financial sector company
[LEVERAGE SUPPRESSED] PNB | Financial sector company
[LEVERAGE SUPPRESSED] PNB | Financial sector company
[LEVERAGE SUPPRESSED] PNB | Financial sector company
[LEVERAGE SUPPRESSED] PNB | Financial sector company
[LEVERAGE SUPPRESSED] PNB | Financial sector company
[LEVERAGE SUPPRESSED] PNB | Financial sector company
[LEVERAGE SUPPRESSED] PNB | Financial sector company
[LEVERAGE SUPPRESSED] PNB | Financial sector company
[LEVERAGE SUPPRESSED] PNB | Financial sector company
[LEVERAGE SUPPRESSED] PNB | Financial sector company
[LEVERAGE SUPPRESSED] PNB | Financial sector company
[LEVERAGE SUPPRESSED] PNB | Financial sector company
[LEVERAGE SUPPRESSED] PNB | Financial sector company
[LEVERAGE SUPPRESSED] PNB | Financial sector company
[LEVERAGE SUPPRESSED] PNB | Financial sector company
[LEVERAGE SUPPRESSED] PNB | Financial sector company
[LEVERAGE SUPPRESSED] PNB | Financial sector company
[LEVERAGE SUPPRESSED] PNB | Financial sector company
[LEVERAGE SUPPRESSED] PNB | Financial sector company
[LEVERAGE SUPPRESSED] PNB | Financial sector company
[LEVERAGE SUPPRESSED] PNB | Financial sector company
[LEVERAGE SUPPRESSED] PNB | Financial sector company
[LEVERAGE SUPPRESSED] PNB | Financial sector company
[LEVERAGE SUPPRESSED] PNB | Financial sector company
[LEVERAGE SUPPRESSED] PNB | Financial sector company
[LEVERAGE SUPPRESSED] PNB | Financial sector company
[LEVERAGE SUPPRESSED] PNB | Financial sector company
[LEVERAGE SUPPRESSED] PNB | Financial sector company
[LEVERAGE SUPPRESSED] PNB | Financial sector company
[LEVERAGE SUPPRESSED] PNB | Financial sector company
[LEVERAGE SUPPRESSED] PNB | Financial sector company
[LEVERAGE SUPPRESSED] PNB | Financial sector company
[LEVERAGE SUPPRESSED] PNB | Financial sector company
[LEVERAGE SUPPRESSED] PNB | Financial sector company
[LEVERAGE SUPPRESSED] PNB | Financial sector company
[LEVERAGE SUPPRESSED] SBILIFE | Financial sector company
[LEVERAGE SUPPRESSED] SBILIFE | Financial sector company
[LEVERAGE SUPPRESSED] SBILIFE | Financial sector company
[LEVERAGE SUPPRESSED] SBILIFE | Financial sector company
[LEVERAGE SUPPRESSED] SBILIFE | Financial sector company
[LEVERAGE SUPPRESSED] SBILIFE | Financial sector company
[LEVERAGE SUPPRESSED] SBILIFE | Financial sector company
[LEVERAGE SUPPRESSED] SBILIFE | Financial sector company
[LEVERAGE SUPPRESSED] SBILIFE | Financial sector company
[LEVERAGE SUPPRESSED] SBILIFE | Financial sector company
[LEVERAGE SUPPRESSED] SBILIFE | Financial sector company
[LEVERAGE SUPPRESSED] SBILIFE | Financial sector company
[LEVERAGE SUPPRESSED] SHRIRAMFIN | Financial sector company
[LEVERAGE SUPPRESSED] SHRIRAMFIN | Financial sector company
[LEVERAGE SUPPRESSED] SHRIRAMFIN | Financial sector company
[LEVERAGE SUPPRESSED] SHRIRAMFIN | Financial sector company
[LEVERAGE SUPPRESSED] SHRIRAMFIN | Financial sector company
[LEVERAGE SUPPRESSED] SHRIRAMFIN | Financial sector company
[LEVERAGE SUPPRESSED] SHRIRAMFIN | Financial sector company
[LEVERAGE SUPPRESSED] SHRIRAMFIN | Financial sector company
[LEVERAGE SUPPRESSED] SHRIRAMFIN | Financial sector company
[LEVERAGE SUPPRESSED] SHRIRAMFIN | Financial sector company
[LEVERAGE SUPPRESSED] SHRIRAMFIN | Financial sector company
[LEVERAGE SUPPRESSED] SHRIRAMFIN | Financial sector company
